Application/build/outputs/logs/manifest-merger-debug-report.txt
-- Merging decision tree log ---
manifest
ADDED from src\main\AndroidManifest.xml:16:1-56:12
	package
		ADDED from src\main\AndroidManifest.xml:17:5-51
	xmlns:android
		ADDED from src\main\AndroidManifest.xml:16:11-69
application
ADDED from src\main\AndroidManifest.xml:19:5-55:19
MERGED from [com.android.support:support-v13:25.0.1] AndroidManifest.xml:25:5-20
MERGED from [com.android.support:support-v4:25.0.1] AndroidManifest.xml:25:5-20
MERGED from [com.android.support:support-fragment:25.0.1] AndroidManifest.xml:25:5-20
MERGED from [com.android.support:support-media-compat:25.0.1] AndroidManifest.xml:25:5-20
MERGED from [com.android.support:support-core-ui:25.0.1] AndroidManifest.xml:25:5-20
MERGED from [com.android.support:support-core-utils:25.0.1] AndroidManifest.xml:25:5-20
MERGED from [com.android.support:support-compat:25.0.1] AndroidManifest.xml:25:5-20
MERGED from [com.android.support:cardview-v7:25.0.1] AndroidManifest.xml:22:5-20
	android:label
		ADDED from src\main\AndroidManifest.xml:20:9-41
	android:allowBackup
		ADDED from src\main\AndroidManifest.xml:19:18-44
	android:icon
		ADDED from src\main\AndroidManifest.xml:21:9-45
	android:theme
		ADDED from src\main\AndroidManifest.xml:22:9-40
meta-data#com.google.android.gms.car.application
ADDED from src\main\AndroidManifest.xml:24:9-25:65
	android:resource
		ADDED from src\main\AndroidManifest.xml:25:20-63
	android:name
		ADDED from src\main\AndroidManifest.xml:24:20-73
activity#com.example.android.messagingservice.MainActivity
ADDED from src\main\AndroidManifest.xml:27:9-35:20
	android:label
		ADDED from src\main\AndroidManifest.xml:29:13-45
	android:name
		ADDED from src\main\AndroidManifest.xml:28:13-41
intent-filter#android.intent.action.MAIN+android.intent.category.LAUNCHER
ADDED from src\main\AndroidManifest.xml:30:13-34:29
action#android.intent.action.MAIN
ADDED from src\main\AndroidManifest.xml:31:17-69
	android:name
		ADDED from src\main\AndroidManifest.xml:31:25-66
category#android.intent.category.LAUNCHER
ADDED from src\main\AndroidManifest.xml:33:17-77
	android:name
		ADDED from src\main\AndroidManifest.xml:33:27-74
service#com.example.android.messagingservice.MessagingService
ADDED from src\main\AndroidManifest.xml:37:9-38:19
	android:name
		ADDED from src\main\AndroidManifest.xml:37:18-50
receiver#com.example.android.messagingservice.MessageReadReceiver
ADDED from src\main\AndroidManifest.xml:40:9-46:20
	android:exported
		ADDED from src\main\AndroidManifest.xml:42:13-37
	android:name
		ADDED from src\main\AndroidManifest.xml:41:13-48
intent-filter#com.example.android.messagingservice.ACTION_MESSAGE_READ
ADDED from src\main\AndroidManifest.xml:43:13-45:29
action#com.example.android.messagingservice.ACTION_MESSAGE_READ
ADDED from src\main\AndroidManifest.xml:44:17-98
	android:name
		ADDED from src\main\AndroidManifest.xml:44:25-96
receiver#com.example.android.messagingservice.MessageReplyReceiver
ADDED from src\main\AndroidManifest.xml:48:9-54:20
	android:exported
		ADDED from src\main\AndroidManifest.xml:50:13-37
	android:name
		ADDED from src\main\AndroidManifest.xml:49:13-49
intent-filter#com.example.android.messagingservice.ACTION_MESSAGE_REPLY
ADDED from src\main\AndroidManifest.xml:51:13-53:29
action#com.example.android.messagingservice.ACTION_MESSAGE_REPLY
ADDED from src\main\AndroidManifest.xml:52:17-99
	android:name
		ADDED from src\main\AndroidManifest.xml:52:25-97
uses-sdk
INJECTED from src\main\AndroidManifest.xml reason: use-sdk injection requested
MERGED from [com.android.support:support-v13:25.0.1] AndroidManifest.xml:21:5-23:55
MERGED from [com.android.support:support-v4:25.0.1] AndroidManifest.xml:21:5-23:54
MERGED from [com.android.support:support-fragment:25.0.1] AndroidManifest.xml:21:5-23:60
MERGED from [com.android.support:support-media-compat:25.0.1] AndroidManifest.xml:21:5-23:63
MERGED from [com.android.support:support-core-ui:25.0.1] AndroidManifest.xml:21:5-23:58
MERGED from [com.android.support:support-core-utils:25.0.1] AndroidManifest.xml:21:5-23:61
MERGED from [com.android.support:support-compat:25.0.1] AndroidManifest.xml:21:5-23:58
MERGED from [com.android.support:cardview-v7:25.0.1] AndroidManifest.xml:20:5-43
	tools:overrideLibrary
		ADDED from [com.android.support:support-v13:25.0.1] AndroidManifest.xml:23:9-52
	android:targetSdkVersion
		INJECTED from src\main\AndroidManifest.xml
		INJECTED from src\main\AndroidManifest.xml
	android:minSdkVersion
		INJECTED from src\main\AndroidManifest.xml
		INJECTED from src\main\AndroidManifest.xml